2025-08-21 08:11:00 | WARN | repo=2017-course-sys-int-activemq-seminar | action=pull
2025-06-14 10:05:00 | DEBUG | repo=2017-course-sys-int-activemq-seminar | action=commit
2025-09-03 09:24:00 | DEBUG | repo=2017-course-sys-int-activemq-seminar | action=commit
2025-03-21 20:23:00 | INFO | repo=2017-course-sys-int-activemq-seminar | action=commit
2025-04-20 07:18:00 | INFO | repo=2017-course-sys-int-activemq-seminar | action=commit
2025-10-19 12:49:00 | WARN | repo=2017-course-sys-int-activemq-seminar | action=commit
2025-12-05 19:43:00 | DEBUG | repo=2017-course-sys-int-activemq-seminar | action=commit
2025-12-28 21:03:00 | DEBUG | repo=2017-course-sys-int-activemq-seminar | action=pull
2025-09-21 14:07:00 | WARN | repo=2017-course-sys-int-activemq-seminar | action=commit
2025-12-01 10:21:00 | INFO | repo=2017-course-sys-int-activemq-seminar | action=commit
2025-02-20 08:19:00 | WARN | repo=2017-course-sys-int-activemq-seminar | action=commit
2025-11-23 21:48:00 | DEBUG | repo=2017-course-sys-int-activemq-seminar | action=commit
2025-04-18 15:19:00 | INFO | repo=2017-course-sys-int-activemq-seminar | action=commit
2025-03-11 15:58:00 | WARN | repo=2017-course-sys-int-activemq-seminar | action=commit
2025-03-10 19:18:00 | DEBUG | repo=2017-course-sys-int-activemq-seminar | action=commit
2025-03-12 13:15:00 | WARN | repo=2017-course-sys-int-activemq-seminar | action=commit
2025-03-07 08:42:00 | INFO | repo=2017-course-sys-int-activemq-seminar | action=commit
2025-01-02 17:16:00 | WARN | repo=2017-course-sys-int-activemq-seminar | action=commit
2025-02-26 11:54:00 | WARN | repo=2017-course-sys-int-activemq-seminar | action=test | passed=true
2025-06-18 07:13:00 | WARN | repo=2017-course-sys-int-activemq-seminar | action=commit
2025-02-14 08:37:00 | WARN | repo=2017-course-sys-int-activemq-seminar | action=commit
2025-09-25 17:54:00 | INFO | repo=2017-course-sys-int-activemq-seminar | action=pull
2025-04-12 16:51:00 | INFO | repo=2017-course-sys-int-activemq-seminar | action=edit | files=3
2025-05-04 18:49:00 | WARN | repo=2017-course-sys-int-activemq-seminar | action=test | passed=true
2025-07-22 12:56:00 | DEBUG | repo=2017-course-sys-int-activemq-seminar | action=commit
2025-01-18 12:11:00 | INFO | repo=2017-course-sys-int-activemq-seminar | action=commit
2025-11-10 17:04:00 | DEBUG | repo=2017-course-sys-int-activemq-seminar | action=commit
2025-12-01 19:51:00 | WARN | repo=2017-course-sys-int-activemq-seminar | action=commit
2025-10-06 20:11:00 | DEBUG | repo=2017-course-sys-int-activemq-seminar | action=edit | files=5
2025-02-18 18:23:00 | DEBUG | repo=2017-course-sys-int-activemq-seminar | action=commit
2025-07-14 11:29:00 | DEBUG | repo=2017-course-sys-int-activemq-seminar | action=commit
2025-05-13 18:58:00 | DEBUG | repo=2017-course-sys-int-activemq-seminar | action=commit
2025-05-10 10:13:00 | WARN | repo=2017-course-sys-int-activemq-seminar | action=pull
2025-12-14 07:33:00 | INFO | repo=2017-course-sys-int-activemq-seminar | action=commit
2025-05-22 07:01:00 | WARN | repo=2017-course-sys-int-activemq-seminar | action=commit
